Performing C++ SOURCE FILE Test CMAKE_HAVE_LIBC_PTHREAD failed with the following output:
Change Dir: C:/Users/gregw/CLionProjects/RocketDetection/cmake-build-debug/CMakeFiles/CMakeScratch/TryCompile-17azud

Run Build Command(s):C:/Users/gregw/AppData/Local/JetBrains/Toolbox/apps/CLion/ch-0/231.8109.222/bin/ninja/win/x64/ninja.exe cmTC_cc96e && [1/2] Building CXX object CMakeFiles\cmTC_cc96e.dir\src.cxx.obj
FAILED: CMakeFiles/cmTC_cc96e.dir/src.cxx.obj 
C:\PROGRA~1\MIB055~1\2022\COMMUN~1\VC\Tools\MSVC\1435~1.322\bin\Hostx64\x64\cl.exe  /nologo /TP -DCMAKE_HAVE_LIBC_PTHREAD  /DWIN32 /D_WINDOWS /EHsc  /Ob0 /Od /RTC1 -MDd -Zi /showIncludes /FoCMakeFiles\cmTC_cc96e.dir\src.cxx.obj /FdCMakeFiles\cmTC_cc96e.dir\ /FS -c C:\Users\gregw\CLionProjects\RocketDetection\cmake-build-debug\CMakeFiles\CMakeScratch\TryCompile-17azud\src.cxx
C:\Users\gregw\CLionProjects\RocketDetection\cmake-build-debug\CMakeFiles\CMakeScratch\TryCompile-17azud\src.cxx(1): fatal error C1083: Cannot open include file: 'pthread.h': No such file or directory
ninja: build stopped: subcommand failed.


Source file was:
#include <pthread.h>

static void* test_func(void* data)
{
  return data;
}

int main(void)
{
  pthread_t thread;
  pthread_create(&thread, NULL, test_func, NULL);
  pthread_detach(thread);
  pthread_cancel(thread);
  pthread_join(thread, NULL);
  pthread_atfork(NULL, NULL, NULL);
  pthread_exit(NULL);

  return 0;
}


Determining if the function pthread_create exists in the pthreads failed with the following output:
Change Dir: C:/Users/gregw/CLionProjects/RocketDetection/cmake-build-debug/CMakeFiles/CMakeScratch/TryCompile-6yoxws

Run Build Command(s):C:/Users/gregw/AppData/Local/JetBrains/Toolbox/apps/CLion/ch-0/231.8109.222/bin/ninja/win/x64/ninja.exe cmTC_00127 && [1/2] Building CXX object CMakeFiles\cmTC_00127.dir\CheckFunctionExists.cxx.obj
[2/2] Linking CXX executable cmTC_00127.exe
FAILED: cmTC_00127.exe 
cmd.exe /C "cd . && C:\Users\gregw\AppData\Local\JetBrains\Toolbox\apps\CLion\ch-0\231.8109.222\bin\cmake\win\x64\bin\cmake.exe -E vs_link_exe --intdir=CMakeFiles\cmTC_00127.dir --rc=C:\PROGRA~2\WI3CF2~1\10\bin\100220~1.0\x64\rc.exe --mt=C:\PROGRA~2\WI3CF2~1\10\bin\100220~1.0\x64\mt.exe --manifests  -- C:\PROGRA~1\MIB055~1\2022\COMMUN~1\VC\Tools\MSVC\1435~1.322\bin\Hostx64\x64\link.exe /nologo CMakeFiles\cmTC_00127.dir\CheckFunctionExists.cxx.obj  /out:cmTC_00127.exe /implib:cmTC_00127.lib /pdb:cmTC_00127.pdb /version:0.0 /machine:x64  /debug /INCREMENTAL /subsystem:console  pthreads.lib  kernel32.lib user32.lib gdi32.lib winspool.lib shell32.lib ole32.lib oleaut32.lib uuid.lib comdlg32.lib advapi32.lib && cmd.exe /C "cd /D C:\Users\gregw\CLionProjects\RocketDetection\cmake-build-debug\CMakeFiles\CMakeScratch\TryCompile-6yoxws && "C:\Program Files\PowerShell\7\pwsh.exe" -noprofile -executionpolicy Bypass -file C:/Users/gregw/.clion-vcpkg/vcpkg/scripts/buildsystems/msbuild/applocal.ps1 -targetBinary C:/Users/gregw/CLionProjects/RocketDetection/cmake-build-debug/CMakeFiles/CMakeScratch/TryCompile-6yoxws/cmTC_00127.exe -installedDir C:/Users/gregw/.clion-vcpkg/vcpkg/installed/x64-windows/debug/bin -OutVariable out""
LINK Pass 1: command "C:\PROGRA~1\MIB055~1\2022\COMMUN~1\VC\Tools\MSVC\1435~1.322\bin\Hostx64\x64\link.exe /nologo CMakeFiles\cmTC_00127.dir\CheckFunctionExists.cxx.obj /out:cmTC_00127.exe /implib:cmTC_00127.lib /pdb:cmTC_00127.pdb /version:0.0 /machine:x64 /debug /INCREMENTAL /subsystem:console pthreads.lib kernel32.lib user32.lib gdi32.lib winspool.lib shell32.lib ole32.lib oleaut32.lib uuid.lib comdlg32.lib advapi32.lib /MANIFEST /MANIFESTFILE:CMakeFiles\cmTC_00127.dir/intermediate.manifest CMakeFiles\cmTC_00127.dir/manifest.res" failed (exit code 1104) with the following output:
LINK : fatal error LNK1104: cannot open file 'pthreads.lib'
ninja: build stopped: subcommand failed.



Determining if the function pthread_create exists in the pthread failed with the following output:
Change Dir: C:/Users/gregw/CLionProjects/RocketDetection/cmake-build-debug/CMakeFiles/CMakeScratch/TryCompile-meboc0

Run Build Command(s):C:/Users/gregw/AppData/Local/JetBrains/Toolbox/apps/CLion/ch-0/231.8109.222/bin/ninja/win/x64/ninja.exe cmTC_69f15 && [1/2] Building CXX object CMakeFiles\cmTC_69f15.dir\CheckFunctionExists.cxx.obj
[2/2] Linking CXX executable cmTC_69f15.exe
FAILED: cmTC_69f15.exe 
cmd.exe /C "cd . && C:\Users\gregw\AppData\Local\JetBrains\Toolbox\apps\CLion\ch-0\231.8109.222\bin\cmake\win\x64\bin\cmake.exe -E vs_link_exe --intdir=CMakeFiles\cmTC_69f15.dir --rc=C:\PROGRA~2\WI3CF2~1\10\bin\100220~1.0\x64\rc.exe --mt=C:\PROGRA~2\WI3CF2~1\10\bin\100220~1.0\x64\mt.exe --manifests  -- C:\PROGRA~1\MIB055~1\2022\COMMUN~1\VC\Tools\MSVC\1435~1.322\bin\Hostx64\x64\link.exe /nologo CMakeFiles\cmTC_69f15.dir\CheckFunctionExists.cxx.obj  /out:cmTC_69f15.exe /implib:cmTC_69f15.lib /pdb:cmTC_69f15.pdb /version:0.0 /machine:x64  /debug /INCREMENTAL /subsystem:console  pthread.lib  kernel32.lib user32.lib gdi32.lib winspool.lib shell32.lib ole32.lib oleaut32.lib uuid.lib comdlg32.lib advapi32.lib && cmd.exe /C "cd /D C:\Users\gregw\CLionProjects\RocketDetection\cmake-build-debug\CMakeFiles\CMakeScratch\TryCompile-meboc0 && "C:\Program Files\PowerShell\7\pwsh.exe" -noprofile -executionpolicy Bypass -file C:/Users/gregw/.clion-vcpkg/vcpkg/scripts/buildsystems/msbuild/applocal.ps1 -targetBinary C:/Users/gregw/CLionProjects/RocketDetection/cmake-build-debug/CMakeFiles/CMakeScratch/TryCompile-meboc0/cmTC_69f15.exe -installedDir C:/Users/gregw/.clion-vcpkg/vcpkg/installed/x64-windows/debug/bin -OutVariable out""
LINK Pass 1: command "C:\PROGRA~1\MIB055~1\2022\COMMUN~1\VC\Tools\MSVC\1435~1.322\bin\Hostx64\x64\link.exe /nologo CMakeFiles\cmTC_69f15.dir\CheckFunctionExists.cxx.obj /out:cmTC_69f15.exe /implib:cmTC_69f15.lib /pdb:cmTC_69f15.pdb /version:0.0 /machine:x64 /debug /INCREMENTAL /subsystem:console pthread.lib kernel32.lib user32.lib gdi32.lib winspool.lib shell32.lib ole32.lib oleaut32.lib uuid.lib comdlg32.lib advapi32.lib /MANIFEST /MANIFESTFILE:CMakeFiles\cmTC_69f15.dir/intermediate.manifest CMakeFiles\cmTC_69f15.dir/manifest.res" failed (exit code 1104) with the following output:
LINK : fatal error LNK1104: cannot open file 'pthread.lib'
ninja: build stopped: subcommand failed.



